[debug] [2025-07-23T12:24:09.621Z] ----------------------------------------------------------------------
[debug] [2025-07-23T12:24:09.732Z] Command:       /usr/bin/node /usr/bin/firebase init
[debug] [2025-07-23T12:24:09.733Z] CLI Version:   13.7.1
[debug] [2025-07-23T12:24:09.734Z] Platform:      linux
[debug] [2025-07-23T12:24:09.734Z] Node Version:  v22.16.0
[debug] [2025-07-23T12:24:09.734Z] Time:          Wed Jul 23 2025 14:24:09 GMT+0200 (Central Africa Time)
[debug] [2025-07-23T12:24:09.735Z] ----------------------------------------------------------------------
[debug] 
[debug] [2025-07-23T12:24:09.751Z] >>> [apiv2][query] GET https://firebase-public.firebaseio.com/cli.json [none]
[debug] [2025-07-23T12:24:10.094Z] > command requires scopes: ["email","openid","https://www.googleapis.com/auth/cloudplatformprojects.readonly","https://www.googleapis.com/auth/firebase","https://www.googleapis.com/auth/cloud-platform"]
[debug] [2025-07-23T12:24:10.095Z] > authorizing via signed-in user (suwilanjichelsea@gmail.com)
[info] 
     ######## #### ########  ######## ########     ###     ######  ########
     ##        ##  ##     ## ##       ##     ##  ##   ##  ##       ##
     ######    ##  ########  ######   ########  #########  ######  ######
     ##        ##  ##    ##  ##       ##     ## ##     ##       ## ##
     ##       #### ##     ## ######## ########  ##     ##  ######  ########

You're about to initialize a Firebase project in this directory:

  /home/treychellah/Desktop/CreativeWeb/qr_code

[debug] [2025-07-23T12:24:12.095Z] <<< [apiv2][status] GET https://firebase-public.firebaseio.com/cli.json 200
[debug] [2025-07-23T12:24:12.104Z] <<< [apiv2][body] GET https://firebase-public.firebaseio.com/cli.json {"cloudBuildErrorAfter":1594252800000,"cloudBuildWarnAfter":1590019200000,"defaultNode10After":1594252800000,"minVersion":"3.0.5","node8DeploysDisabledAfter":1613390400000,"node8RuntimeDisabledAfter":1615809600000,"node8WarnAfter":1600128000000}
